[    0.000000] Initializing cgroup subsys cpuset
[    0.000000] Initializing cgroup subsys cpu
[    0.000000] Initializing cgroup subsys cpuacct
[    0.000000] Linux version 4.4.0-210-generic (buildd@lgw01-amd64-009) (gcc version 5.4.0 20160609 (Ubuntu 5.4.0-6ubuntu1~16.04.12) ) #242-Ubuntu SMP Fri Apr 16 09:57:56 UTC 2021 (Ubuntu 4.4.0-210.242-generic 4.4.262)
[    0.000000] Command line: BOOT_IMAGE=/boot/vmlinuz-4.4.0-210-generic root=LABEL=cloudimg-rootfs ro console=tty1 console=ttyS0
[    0.000000] KERNEL supported cpus:
[    0.000000]   Intel GenuineIntel
[    0.000000]   AMD AuthenticAMD
[    0.000000]   Centaur CentaurHauls
[    0.000000] x86/fpu: Legacy x87 FPU detected.
[    0.000000] e820: BIOS-provided physical RAM map:
[    0.000000] BIOS-e820: [mem 0x0000000000000000-0x000000000009fbff] usable
[    0.000000] BIOS-e820: [mem 0x000000000009fc00-0x000000000009ffff] reserved
[    0.000000] BIOS-e820: [mem 0x00000000000f0000-0x00000000000fffff] reserved
[    0.000000] BIOS-e820: [mem 0x0000000000100000-0x000000003ffeffff] usable
[    0.000000] BIOS-e820: [mem 0x000000003fff0000-0x000000003fffffff] ACPI data
[    0.000000] BIOS-e820: [mem 0x00000000fec00000-0x00000000fec00fff] reserved
[    0.000000] BIOS-e820: [mem 0x00000000fee00000-0x00000000fee00fff] reserved
[    0.000000] BIOS-e820: [mem 0x00000000fffc0000-0x00000000ffffffff] reserved
[    0.000000] NX (Execute Disable) protection: active
[    0.000000] SMBIOS 2.5 present.
[    0.000000] Hypervisor detected: KVM
[    0.000000] e820: last_pfn = 0x3fff0 max_arch_pfn = 0x400000000
[    0.000000] MTRR: Disabled
[    0.000000] x86/PAT: MTRRs disabled, skipping PAT initialization too.
[    0.000000] CPU MTRRs all blank - virtualized system.
[    0.000000] x86/PAT: Configuration [0-7]: WB  WT  UC- UC  WB  WT  UC- UC  
[    0.000000] found SMP MP-table at [mem 0x0009fff0-0x0009ffff] mapped at [ffff88000009fff0]
[    0.000000] Scanning 1 areas for low memory corruption
[    0.000000] RAMDISK: [mem 0x362dc000-0x37165fff]
[    0.000000] ACPI: Early table checksum verification disabled
[    0.000000] ACPI: RSDP 0x00000000000E0000 000024 (v02 VBOX  )
[    0.000000] ACPI: XSDT 0x000000003FFF0030 00003C (v01 VBOX   VBOXXSDT 00000001 ASL  00000061)
[    0.000000] ACPI: FACP 0x000000003FFF00F0 0000F4 (v04 VBOX   VBOXFACP 00000001 ASL  00000061)
[    0.000000] ACPI: DSDT 0x000000003FFF0610 002353 (v02 VBOX   VBOXBIOS 00000002 INTL 20100528)
[    0.000000] ACPI: FACS 0x000000003FFF0200 000040
[    0.000000] ACPI: FACS 0x000000003FFF0200 000040
[    0.000000] ACPI: APIC 0x000000003FFF0240 00005C (v02 VBOX   VBOXAPIC 00000001 ASL  00000061)
[    0.000000] ACPI: SSDT 0x000000003FFF02A0 00036C (v01 VBOX   VBOXCPUT 00000002 INTL 20100528)
[    0.000000] No NUMA configuration found
[    0.000000] Faking a node at [mem 0x0000000000000000-0x000000003ffeffff]
[    0.000000] NODE_DATA(0) allocated [mem 0x3ffeb000-0x3ffeffff]
[    0.000000] kvm-clock: Using msrs 4b564d01 and 4b564d00
[    0.000000] kvm-clock: cpu 0, msr 0:3ffe3001, primary cpu clock
[    0.000000] kvm-clock: using sched offset of 8411915428 cycles
[    0.000000] clocksource: kvm-clock: mask: 0xffffffffffffffff max_cycles: 0x1cd42e4dffb, max_idle_ns: 881590591483 ns
[    0.000000] Zone ranges:
[    0.000000]   DMA      [mem 0x0000000000001000-0x0000000000ffffff]
[    0.000000]   DMA32    [mem 0x0000000001000000-0x000000003ffeffff]
[    0.000000]   Normal   empty
[    0.000000]   Device   empty
[    0.000000] Movable zone start for each node
[    0.000000] Early memory node ranges
[    0.000000]   node   0: [mem 0x0000000000001000-0x000000000009efff]
[    0.000000]   node   0: [mem 0x0000000000100000-0x000000003ffeffff]
[    0.000000] Initmem setup node 0 [mem 0x0000000000001000-0x000000003ffeffff]
[    0.000000] ACPI: PM-Timer IO Port: 0x4008
[    0.000000] IOAPIC[0]: apic_id 2, version 32, address 0xfec00000, GSI 0-23
[    0.000000] ACPI: INT_SRC_OVR (bus 0 bus_irq 0 global_irq 2 dfl dfl)
[    0.000000] ACPI: INT_SRC_OVR (bus 0 bus_irq 9 global_irq 9 low level)
[    0.000000] Using ACPI (MADT) for SMP configuration information
[    0.000000] smpboot: Allowing 2 CPUs, 0 hotplug CPUs
[    0.000000] PM: Registered nosave memory: [mem 0x00000000-0x00000fff]
[    0.000000] PM: Registered nosave memory: [mem 0x0009f000-0x0009ffff]
[    0.000000] PM: Registered nosave memory: [mem 0x000a0000-0x000effff]
[    0.000000] PM: Registered nosave memory: [mem 0x000f0000-0x000fffff]
[    0.000000] e820: [mem 0x40000000-0xfebfffff] available for PCI devices
[    0.000000] Booting paravirtualized kernel on KVM
[    0.000000] clocksource: refined-jiffies: mask: 0xffffffff max_cycles: 0xffffffff, max_idle_ns: 7645519600211568 ns
[    0.000000] setup_percpu: NR_CPUS:512 nr_cpumask_bits:512 nr_cpu_ids:2 nr_node_ids:1
[    0.000000] PERCPU: Embedded 33 pages/cpu @ffff88003fc00000 s95192 r8192 d31784 u1048576
[    0.000000] Built 1 zonelists in Node order, mobility grouping on.  Total pages: 257912
[    0.000000] Policy zone: DMA32
[    0.000000] Kernel command line: BOOT_IMAGE=/boot/vmlinuz-4.4.0-210-generic root=LABEL=cloudimg-rootfs ro console=tty1 console=ttyS0
[    0.000000] PID hash table entries: 4096 (order: 3, 32768 bytes)
[    0.000000] Memory: 997792K/1048120K available (8644K kernel code, 1332K rwdata, 4044K rodata, 1492K init, 1164K bss, 50328K reserved, 0K cma-reserved)
[    0.000000] SLUB: HWalign=64, Order=0-3, MinObjects=0, CPUs=2, Nodes=1
[    0.000000] Kernel/User page tables isolation: enabled
[    0.000000] Hierarchical RCU implementation.
[    0.000000] 	Build-time adjustment of leaf fanout to 64.
[    0.000000] 	RCU restricting CPUs from NR_CPUS=512 to nr_cpu_ids=2.
[    0.000000] RCU: Adjusting geometry for rcu_fanout_leaf=64, nr_cpu_ids=2
[    0.000000] NR_IRQS:33024 nr_irqs:440 16
[    0.000000] Console: colour VGA+ 80x25
[    0.000000] console [tty1] enabled
[    0.000000] console [ttyS0] enabled
[    0.000000] tsc: Detected 1795.920 MHz processor
[    3.322323] Calibrating delay loop (skipped) preset value.. 3591.84 BogoMIPS (lpj=7183680)
[    3.384068] pid_max: default: 32768 minimum: 301
[    3.420624] ACPI: Core revision 20150930
[    3.479883] ACPI: 2 ACPI AML tables successfully acquired and loaded
[    3.538267] Security Framework initialized
[    3.572444] Yama: becoming mindful.
[    3.618808] AppArmor: AppArmor initialized
[    3.681382] Dentry cache hash table entries: 131072 (order: 8, 1048576 bytes)
[    3.782520] Inode-cache hash table entries: 65536 (order: 7, 524288 bytes)
[    3.845994] Mount-cache hash table entries: 2048 (order: 2, 16384 bytes)
[    3.900558] Mountpoint-cache hash table entries: 2048 (order: 2, 16384 bytes)
[    3.981114] Initializing cgroup subsys io
[    4.000265] Initializing cgroup subsys memory
[    4.028948] Initializing cgroup subsys devices
[    4.062262] Initializing cgroup subsys freezer
[    4.089807] Initializing cgroup subsys net_cls
[    4.117431] Initializing cgroup subsys perf_event
[    4.148277] Initializing cgroup subsys net_prio
[    4.191680] Initializing cgroup subsys hugetlb
[    4.233420] Initializing cgroup subsys pids
[    4.282144] mce: CPU supports 0 MCE banks
[    4.299289] Last level iTLB entries: 4KB 512, 2MB 8, 4MB 8
[    4.332695] Last level dTLB entries: 4KB 512, 2MB 32, 4MB 32, 1GB 0
[    4.353129] Spectre V1 : Mitigation: usercopy/swapgs barriers and __user pointer sanitization
[    4.443838] Spectre V2 : Mitigation: Full generic retpoline
[    4.475252] Spectre V2 : Spectre v2 / SpectreRSB mitigation: Filling RSB on context switch
[    4.558713] Speculative Store Bypass: Vulnerable
[    4.596402] SRBDS: Unknown: Dependent on hypervisor status
[    4.662217] MDS: Mitigation: Clear CPU buffers
[    4.933901] Freeing SMP alternatives memory: 36K
[    5.420231] ftrace: allocating 32380 entries in 127 pages
[    8.333691] smpboot: APIC(0) Converting physical 0 to logical package 0
[    8.403692] smpboot: Max logical packages: 1
[    8.509915] ..TIMER: vector=0x30 apic1=0 pin1=2 apic2=-1 pin2=-1
[    8.664732] APIC calibration not consistent with PM-Timer: 221ms instead of 100ms
[    8.696850] APIC delta adjusted to PM-Timer: 6296911 (13955679)
[    8.721615] smpboot: CPU0: Intel(R) Core(TM) i5-3337U CPU @ 1.80GHz (family: 0x6, model: 0x3a, stepping: 0x9)
[    8.797264] Performance Events: unsupported p6 CPU model 58 no PMU driver, software events only.
[    9.285675] KVM setup paravirtual spinlock
[    9.329093] x86: Booting SMP configuration:
[    9.349372] .... node  #0, CPUs:      #1
[    9.383356] kvm-clock: cpu 1, msr 0:3ffe3041, secondary cpu clock
[    9.400050] mce: CPU supports 0 MCE banks
[    9.452184] TSC synchronization [CPU#0 -> CPU#1]:
[    9.488510] Measured 165378 cycles TSC warp between CPUs, turning off TSC clock.
[    9.535127] tsc: Marking TSC unstable due to check_tsc_sync_source failed
[    9.676082] x86: Booted up 1 node, 2 CPUs
[    9.695559] smpboot: Total of 2 processors activated (7183.68 BogoMIPS)
[    1.392461] devtmpfs: initialized
[    1.465654] evm: security.selinux
[    1.520011] evm: security.SMACK64
[    1.580016] evm: security.SMACK64EXEC
[    1.620012] evm: security.SMACK64TRANSMUTE
[    1.652009] evm: security.SMACK64MMAP
[    1.696010] evm: security.ima
[    1.736017] evm: security.capability
[    1.769373] clocksource: jiffies: mask: 0xffffffff max_cycles: 0xffffffff, max_idle_ns: 7645041785100000 ns
[    1.848199] futex hash table entries: 512 (order: 3, 32768 bytes)
[    1.896404] pinctrl core: initialized pinctrl subsystem
[    1.941071] RTC time: 14:39:59, date: 02/08/23
[    1.986057] NET: Registered protocol family 16
[    2.000136] cpuidle: using governor ladder
[    2.016041] cpuidle: using governor menu
[    2.020026] PCCT header not found.
[    2.024348] ACPI: bus type PCI registered
[    2.028014] acpiphp: ACPI Hot Plug PCI Controller Driver version: 0.5
[    2.033238] PCI: Using configuration type 1 for base access
[    2.093144] ACPI: Added _OSI(Module Device)
[    2.096012] ACPI: Added _OSI(Processor Device)
[    2.108015] ACPI: Added _OSI(3.0 _SCP Extensions)
[    2.112012] ACPI: Added _OSI(Processor Aggregator Device)
[    2.120942] ACPI: Executed 1 blocks of module-level executable AML code
[    2.161891] ACPI: Interpreter enabled
[    2.196121] ACPI: (supports S0 S5)
[    2.228011] ACPI: Using IOAPIC for interrupt routing
[    2.273394] PCI: Using host bridge windows from ACPI; if necessary, use "pci=nocrs" and report a bug
[    2.440778] ACPI: PCI Root Bridge [PCI0] (domain 0000 [bus 00-ff])
[    2.496076] acpi PNP0A03:00: _OSC: OS supports [ASPM ClockPM Segments MSI]
[    2.557596] acpi PNP0A03:00: _OSC: not requesting OS control; OS requires [ExtendedConfig ASPM ClockPM MSI]
[    2.648038] acpi PNP0A03:00: fail to add MMCONFIG information, can't access extended PCI configuration space under this bridge.
[    2.752314] PCI host bridge to bus 0000:00
[    2.792022] pci_bus 0000:00: root bus resource [io  0x0000-0x0cf7 window]
[    2.852087] pci_bus 0000:00: root bus resource [io  0x0d00-0xffff window]
[    2.904017] pci_bus 0000:00: root bus resource [mem 0x000a0000-0x000bffff window]
[    2.956013] pci_bus 0000:00: root bus resource [mem 0x40000000-0xfdffffff window]
[    3.008014] pci_bus 0000:00: root bus resource [bus 00-ff]
[    3.140119] pci 0000:00:01.1: legacy IDE quirk: reg 0x10: [io  0x01f0-0x01f7]
[    3.208018] pci 0000:00:01.1: legacy IDE quirk: reg 0x14: [io  0x03f6]
[    3.272018] pci 0000:00:01.1: legacy IDE quirk: reg 0x18: [io  0x0170-0x0177]
[    3.352021] pci 0000:00:01.1: legacy IDE quirk: reg 0x1c: [io  0x0376]
[    3.773141] pci 0000:00:07.0: quirk: [io  0x4000-0x403f] claimed by PIIX4 ACPI
[    3.832134] pci 0000:00:07.0: quirk: [io  0x4100-0x410f] claimed by PIIX4 SMB
[    3.948052] ACPI: PCI Interrupt Link [LNKA] (IRQs 5 9 10 *11)
[    4.050498] ACPI: PCI Interrupt Link [LNKB] (IRQs 5 9 *10 11)
[    4.148757] ACPI: PCI Interrupt Link [LNKC] (IRQs 5 *9 10 11)
[    4.233286] ACPI: PCI Interrupt Link [LNKD] (IRQs 5 9 10 *11)
[    4.242815] ACPI: Enabled 2 GPEs in block 00 to 07
[    4.252572] vgaarb: setting as boot device: PCI:0000:00:02.0
[    4.256000] vgaarb: device added: PCI:0000:00:02.0,decodes=io+mem,owns=io+mem,locks=none
[    4.256015] vgaarb: loaded
[    4.264016] vgaarb: bridge control possible 0000:00:02.0
[    4.273052] SCSI subsystem initialized
[    4.284057] ACPI: bus type USB registered
[    4.288234] usbcore: registered new interface driver usbfs
[    4.292050] usbcore: registered new interface driver hub
[    4.296045] usbcore: registered new device driver usb
[    4.317091] PCI: Using ACPI for IRQ routing
[    4.325953] NetLabel: Initializing
[    4.328012] NetLabel:  domain hash size = 128
[    4.332011] NetLabel:  protocols = UNLABELED CIPSOv4
[    4.336416] NetLabel:  unlabeled traffic allowed by default
[    4.344702] amd_nb: Cannot enumerate AMD northbridges
[    4.352017] clocksource: Switched to clocksource kvm-clock
[    4.376777] AppArmor: AppArmor Filesystem Enabled
[    4.513186] pnp: PnP ACPI init
[    4.516900] pnp: PnP ACPI: found 3 devices
[    4.719137] clocksource: acpi_pm: mask: 0xffffff max_cycles: 0xffffff, max_idle_ns: 2085701024 ns
[    4.751652] NET: Registered protocol family 2
[    4.771614] TCP established hash table entries: 8192 (order: 4, 65536 bytes)
[    4.803778] TCP bind hash table entries: 8192 (order: 5, 131072 bytes)
[    4.823290] TCP: Hash tables configured (established 8192 bind 8192)
[    4.842978] UDP hash table entries: 512 (order: 2, 16384 bytes)
[    4.865480] UDP-Lite hash table entries: 512 (order: 2, 16384 bytes)
[    4.884806] NET: Registered protocol family 1
[    4.901241] pci 0000:00:00.0: Limiting direct PCI/PCI transfers
[    4.933383] pci 0000:00:01.0: Activating ISA DMA hang workarounds
[    4.980016] Unpacking initramfs...
[    5.708531] Freeing initrd memory: 14888K
[    6.530630] RAPL PMU detected, API unit is 2^-32 Joules, 3 fixed counters 10737418240 ms ovfl timer
[    6.598207] hw unit of domain pp0-core 2^-0 Joules
[    6.629186] hw unit of domain package 2^-0 Joules
[    6.653590] hw unit of domain pp1-gpu 2^-0 Joules
[    6.689207] clocksource: tsc: mask: 0xffffffffffffffff max_cycles: 0x19e31b7216c, max_idle_ns: 440795249889 ns
[    6.747816] platform rtc_cmos: registered platform RTC device (no PNP device found)
[    6.792918] Scanning for low memory corruption every 60 seconds
[    6.836167] audit: initializing netlink subsys (disabled)
[    6.838982] audit: type=2000 audit(1675867206.803:1): initialized
[    6.838982] Initialise system trusted keyring
[    6.952643] HugeTLB registered 2 MB page size, pre-allocated 0 pages
[    7.010143] zbud: loaded
[    7.025999] VFS: Disk quotas dquot_6.6.0
[    7.058281] VFS: Dquot-cache hash table entries: 512 (order 0, 4096 bytes)
[    7.096897] squashfs: version 4.0 (2009/01/31) Phillip Lougher
[    7.129747] fuse init (API version 7.23)
[    7.144780] Key type big_key registered
[    7.147778] Allocating IMA MOK and blacklist keyrings.
[    7.206619] Key type asymmetric registered
[    7.229745] Asymmetric key parser 'x509' registered
[    7.245595] Block layer SCSI generic (bsg) driver version 0.4 loaded (major 249)
[    7.307461] io scheduler noop registered
[    7.324969] io scheduler deadline registered (default)
[    7.345345] io scheduler cfq registered
[    7.358318] pci_hotplug: PCI Hot Plug PCI Core version: 0.5
[    7.377950] pciehp: PCI Express Hot Plug Controller Driver version: 0.4
[    7.402801] ACPI: AC Adapter [AC] (on-line)
[    7.425418] input: Power Button as /devices/LNXSYSTM:00/LNXPWRBN:00/input/input0
[    7.449926] ACPI: Power Button [PWRF]
[    7.474118] input: Sleep Button as /devices/LNXSYSTM:00/LNXSLPBN:00/input/input1
[    7.527203] ACPI: Sleep Button [SLPF]
[    7.548320] GHES: HEST is not enabled!
[    7.553660] ACPI: Battery Slot [BAT0] (battery present)
[    7.590415] Serial: 8250/16550 driver, 32 ports, IRQ sharing enabled
[    7.676996] 00:02: ttyS0 at I/O 0x3f8 (irq = 4, base_baud = 115200) is a 16550A
[    7.811378] Linux agpgart interface v0.103
[    7.892215] loop: module loaded
[    7.916786] scsi host0: ata_piix
[    7.963345] scsi host1: ata_piix
[    7.967024] ata1: PATA max UDMA/33 cmd 0x1f0 ctl 0x3f6 bmdma 0xd000 irq 14
[    7.967024] ata2: PATA max UDMA/33 cmd 0x170 ctl 0x376 bmdma 0xd008 irq 15
[    8.042995] libphy: Fixed MDIO Bus: probed
[    8.062235] tun: Universal TUN/TAP device driver, 1.6
[    8.085635] tun: (C) 1999-2004 Max Krasnyansky <maxk@qualcomm.com>
[    8.114622] PPP generic driver version 2.4.2
[    8.137603] ehci_hcd: USB 2.0 'Enhanced' Host Controller (EHCI) Driver
[    8.160771] ehci-pci: EHCI PCI platform driver
[    8.184426] ehci-platform: EHCI generic platform driver
[    8.209242] ohci_hcd: USB 1.1 'Open' Host Controller (OHCI) Driver
[    8.232396] ohci-pci: OHCI PCI platform driver
[    8.236279] ohci-platform: OHCI generic platform driver
[    8.283438] uhci_hcd: USB Universal Host Controller Interface driver
[    8.315982] i8042: PNP: PS/2 Controller [PNP0303:PS2K,PNP0f03:PS2M] at 0x60,0x64 irq 1,12
[    8.580599] serio: i8042 KBD port at 0x60,0x64 irq 1
[    8.580599] serio: i8042 AUX port at 0x60,0x64 irq 12
[    8.661844] mousedev: PS/2 mouse device common for all mice
[    8.697576] rtc_cmos rtc_cmos: rtc core: registered rtc_cmos as rtc0
[    8.726573] rtc_cmos rtc_cmos: alarms up to one day, 114 bytes nvram
[    8.729920] i2c /dev entries driver
[    8.729920] device-mapper: uevent: version 1.0.3
[    8.818596] device-mapper: ioctl: 4.34.0-ioctl (2015-10-28) initialised: dm-devel@redhat.com
[    8.864378] ledtrig-cpu: registered to indicate activity on CPUs
[    8.913546] input: AT Translated Set 2 keyboard as /devices/platform/i8042/serio0/input/input2
[    8.914380] NET: Registered protocol family 10
[    8.914622] NET: Registered protocol family 17
[    8.914639] Key type dns_resolver registered
[    8.915202] registered taskstats version 1
[    8.915220] Loading compiled-in X.509 certificates
[    8.916414] Loaded X.509 cert 'Build time autogenerated kernel key: cf00e047681d67edb2720680708b7d9498083038'
[    8.916458] zswap: loaded using pool lzo/zbud
[    8.988091] Key type trusted registered
[    9.034585] Key type encrypted registered
[    9.034602] AppArmor: AppArmor sha1 policy hashing enabled
[    9.034607] ima: No TPM chip found, activating TPM-bypass!
[    9.034624] ima: Allocated hash algorithm: sha1
[    9.034655] evm: HMAC attrs: 0x1
[    9.045902]   Magic number: 11:193:687
[    9.065603] rtc_cmos rtc_cmos: setting system clock to 2023-02-08 14:40:07 UTC (1675867207)
[    9.065841] BIOS EDD facility v0.16 2004-Jun-25, 0 devices found
[    9.065842] EDD information not available.
[    9.427590] Freeing unused kernel memory: 1492K
[    9.476601] Write protecting the kernel read-only data: 14336k
[    9.514833] Freeing unused kernel memory: 1584K
[    9.543697] Freeing unused kernel memory: 52K
Loading, please wait...
starting version 229
[    9.742412] random: systemd-udevd: uninitialized urandom read (16 bytes read, 8 bits of entropy available)
[    9.763508] random: udevadm: uninitialized urandom read (16 bytes read, 8 bits of entropy available)
[    9.763563] random: udevadm: uninitialized urandom read (16 bytes read, 8 bits of entropy available)
[    9.850662] random: udevadm: uninitialized urandom read (16 bytes read, 8 bits of entropy available)
[    9.850998] random: udevadm: uninitialized urandom read (16 bytes read, 8 bits of entropy available)
[    9.851554] random: udevadm: uninitialized urandom read (16 bytes read, 8 bits of entropy available)
[    9.854090] random: udevadm: uninitialized urandom read (16 bytes read, 8 bits of entropy available)
[    9.854313] random: udevadm: uninitialized urandom read (16 bytes read, 8 bits of entropy available)
[    9.854518] random: udevadm: uninitialized urandom read (16 bytes read, 8 bits of entropy available)
[    9.855282] random: udevadm: uninitialized urandom read (16 bytes read, 8 bits of entropy available)
[   10.630265] e1000: Intel(R) PRO/1000 Network Driver - version 7.3.21-k8-NAPI
[   10.670839] e1000: Copyright (c) 1999-2006 Intel Corporation.
[   10.778601] Fusion MPT base driver 3.04.20
[   10.809025] Copyright (c) 1999-2008 LSI Corporation
[   11.391785] Fusion MPT SPI Host driver 3.04.20
[   11.483714] SSE version of gcm_enc/dec engaged.
[   12.131652] input: ImExPS/2 Generic Explorer Mouse as /devices/platform/i8042/serio1/input/input4
[   14.105044] e1000 0000:00:03.0 eth0: (PCI:33MHz:32-bit) 02:be:82:6b:cc:1d
[   14.105044] e1000 0000:00:03.0 eth0: Intel(R) PRO/1000 Network Connection
[   14.343412] mptbase: ioc0: Initiating bringup
[   14.367104] e1000 0000:00:03.0 enp0s3: renamed from eth0
[   18.188143] ioc0: LSI53C1030 A0: Capabilities={Initiator}
[   19.552856] scsi host2: ioc0: LSI53C1030 A0, FwRev=00000000h, Ports=1, MaxQ=256, IRQ=20
[   19.750930] scsi 2:0:0:0: Direct-Access     VBOX     HARDDISK         1.0  PQ: 0 ANSI: 5
[   19.812628] scsi target2:0:0: Beginning Domain Validation
[   19.875023] scsi target2:0:0: Domain Validation skipping write tests
[   19.878868] scsi target2:0:0: Ending Domain Validation
[   19.919220] scsi target2:0:0: asynchronous
[   19.955536] scsi 2:0:1:0: Direct-Access     VBOX     HARDDISK         1.0  PQ: 0 ANSI: 5
[   20.095504] scsi target2:0:1: Beginning Domain Validation
[   20.151504] scsi target2:0:1: Domain Validation skipping write tests
[   20.176573] scsi target2:0:1: Ending Domain Validation
[   20.198694] scsi target2:0:1: asynchronous
[   20.587793] sd 2:0:0:0: Attached scsi generic sg0 type 0
[   20.614300] sd 2:0:1:0: Attached scsi generic sg1 type 0
[   20.630505] sd 2:0:0:0: [sda] 83886080 512-byte logical blocks: (42.9 GB/40.0 GiB)
[   20.634145] sd 2:0:0:0: [sda] Write Protect is off
[   20.649443] sd 2:0:0:0: [sda] Incomplete mode parameter data
[   20.649446] sd 2:0:0:0: [sda] Assuming drive cache: write through
[   20.754022] sd 2:0:1:0: [sdb] 20480 512-byte logical blocks: (10.5 MB/10.0 MiB)
[   20.761958] sd 2:0:1:0: [sdb] Write Protect is off
[   20.763472] sd 2:0:1:0: [sdb] Incomplete mode parameter data
[   20.763477] sd 2:0:1:0: [sdb] Assuming drive cache: write through
[   20.766872]  sda: sda1
[   20.816328] sd 2:0:0:0: [sda] Attached SCSI disk
[   20.841582] sd 2:0:1:0: [sdb] Attached SCSI disk
Begin: Loading essential drivers ... [   25.907638] md: linear personality registered for level -1
[   25.961278] md: multipath personality registered for level -4
[   26.002793] md: raid0 personality registered for level 0
[   26.084408] md: raid1 personality registered for level 1
[   26.209141] raid6: sse2x1   gen()  3248 MB/s
[   26.290665] raid6: sse2x1   xor()  2475 MB/s
[   26.376975] raid6: sse2x2   gen()  3368 MB/s
[   26.462997] raid6: sse2x2   xor()  1188 MB/s
[   26.553673] raid6: sse2x4   gen()  3548 MB/s
[   26.640618] raid6: sse2x4   xor()  3139 MB/s
[   26.675768] raid6: using algorithm sse2x4 gen() 3548 MB/s
[   26.707284] raid6: .... xor() 3139 MB/s, rmw enabled
[   26.734229] raid6: using ssse3x2 recovery algorithm
[   26.774572] xor: measuring software checksum speed
[   29.519142]    prefetch64-sse: 1348148.000 MB/sec
[   32.529666]    generic_sse: 1049461.000 MB/sec
[   32.551132] xor: using function: prefetch64-sse (1348148.000 MB/sec)
[   32.611897] async_tx: api initialized (async)
[   32.978977] md: raid6 personality registered for level 6
[   33.005666] md: raid5 personality registered for level 5
[   33.025681] md: raid4 personality registered for level 4
[   33.369550] md: raid10 personality registered for level 10
done.
Begin: Running /scripts/init-premount ... done.
Begin: Mounting root file system ... Begin: Running /scripts/local-top ... done.
Begin: Running /scripts/local-premount ... [   34.165399] Btrfs loaded
Scanning for Btrfs filesystems
done.
Warning: fsck not present, so skipping root file system
[   34.751905] EXT4-fs (sda1): mounted filesystem with ordered data mode. Opts: (null)
done.
Begin: Running /scripts/local-bottom ... done.
Begin: Running /scripts/init-bottom ... [   34.991410] random: nonblocking pool is initialized
done.
[   36.363551] systemd[1]: systemd 229 running in system mode. (+PAM +AUDIT +SELINUX +IMA +APPARMOR +SMACK +SYSVINIT +UTMP +LIBCRYPTSETUP +GCRYPT +GNUTLS +ACL +XZ -LZ4 +SECCOMP +BLKID +ELFUTILS +KMOD -IDN)
[   36.446099] systemd[1]: Detected virtualization oracle.
[   36.449749] systemd[1]: Detected architecture x86-64.

Welcome to [1mUbuntu 16.04.7 LTS[0m!

[   36.541644] systemd[1]: Set hostname to <ubuntu>.
[   36.600949] systemd[1]: Initializing machine ID from random generator.
[   36.604252] systemd[1]: Installed transient /etc/machine-id file.
[   38.330541] systemd[1]: Reached target User and Group Name Lookups.
[[0;32m  OK  [0m] Reached target User and Group Name Lookups.
[   38.403513] systemd[1]: Set up automount Arbitrary Executable File Formats File System Automount Point.
[[0;32m  OK  [0m] Set up automount Arbitrary Executab...ats File System Automount Point.
[   38.524135] systemd[1]: Listening on udev Control Socket.
[[0;32m  OK  [0m] Listening on udev Control Socket.
[   38.563769] systemd[1]: Started Trigger resolvconf update for networkd DNS.
[[0;32m  OK  [0m] Started Trigger resolvconf update for networkd DNS.
[   38.642152] systemd[1]: Reached target System Time Synchronized.
[[0;32m  OK  [0m] Reached target System Time Synchronized.
[   38.699994] systemd[1]: Listening on LVM2 metadata daemon socket.
[[0;32m  OK  [0m] Listening on LVM2 metadata daemon socket.
[   38.755736] systemd[1]: Listening on fsck to fsckd communication Socket.
[[0;32m  OK  [0m] Listening on fsck to fsckd communication Socket.
[   38.832102] systemd[1]: Listening on Syslog Socket.
[[0;32m  OK  [0m] Listening on Syslog Socket.
[   38.897958] systemd[1]: Started Forward Password Requests to Wall Directory Watch.
[[0;32m  OK  [0m] Started Forward Password Requests to Wall Directory Watch.
[   38.985513] systemd[1]: Listening on Journal Audit Socket.
[[0;32m  OK  [0m] Listening on Journal Audit Socket.
[   39.036492] systemd[1]: Created slice System Slice.
[[0;32m  OK  [0m] Created slice System Slice.
[   39.094446] systemd[1]: Listening on LVM2 poll daemon socket.
[[0;32m  OK  [0m] Listening on LVM2 poll daemon socket.
[   39.184606] systemd[1]: Created slice User and Session Slice.
[[0;32m  OK  [0m] Created slice User and Session Slice.
[   39.246530] systemd[1]: Reached target Swap.
[[0;32m  OK  [0m] Reached target Swap.
[   39.282104] systemd[1]: Listening on Journal Socket.
[[0;32m  OK  [0m] Listening on Journal Socket.
[   39.354227] systemd[1]: Starting Uncomplicated firewall...
         Starting Uncomplicated firewall...
[   39.404641] systemd[1]: Starting File System Check on Root Device...
         Starting File System Check on Root Device...
[   39.524765] systemd[1]: Mounting Debug File System...
         Mounting Debug File System...
[   39.593584] systemd[1]: Mounting Huge Pages File System...
         Mounting Huge Pages File System...
[   39.701032] systemd[1]: Starting Set console keymap...
         Starting Set console keymap...
[   39.785000] systemd[1]: Mounting POSIX Message Queue File System...
         Mounting POSIX Message Queue File System...
[   39.852875] systemd[1]: Starting Create list of required static device nodes for the current kernel...
         Starting Create list of required st... nodes for the current kernel...
[   39.961279] systemd[1]: Reached target Slices.
[[0;32m  OK  [0m] Reached target Slices.
[   40.016008] systemd[1]: Reached target Encrypted Volumes.
[[0;32m  OK  [0m] Reached target Encrypted Volumes.
[   40.075739] systemd[1]: Starting Nameserver information manager...
         Starting Nameserver information manager...
[   40.168307] systemd[1]: Listening on udev Kernel Socket.
[[0;32m  OK  [0m] Listening on udev Kernel Socket.
[   40.303922] systemd[1]: Listening on /dev/initctl Compatibility Named Pipe.
[[0;32m  OK  [0m] Listening on /dev/initctl Compatibility Named Pipe.
[   40.478357] systemd[1]: Starting Load Kernel Modules...
         Starting Load Kernel Modules...
[   40.560916] systemd[1]: Listening on Device-mapper event daemon FIFOs.
[[0;32m  OK  [0m] Listening on Device-mapper event daemon FIFOs.
[   40.639957] systemd[1]: Starting Monitoring of LVM2 mirrors, snapshots etc. using dmeventd or progress polling...
         Starting Monitoring of LVM2 mirrors... dmeventd or progress polling...
[   40.756237] systemd[1]: Created slice system-serial\x2dgetty.slice.
[[0;32m  OK  [0m] Created slice system-serial\x2dgetty.slice.
[   40.861949] systemd[1]: Listening on Journal Socket (/dev/log).
[   40.964383] Loading iSCSI transport class v2.0-870.
[[0;32m  OK  [0m] Listening on Journal Socket (/dev/log).
[   41.210910] systemd[1]: Starting Journal Service...
         Starting Journal Service...
[   41.398314] iscsi: registered transport (tcp)
[   41.400315] systemd[1]: Mounted Huge Pages File System.
[[0;32m  OK  [0m] Mounted Huge Pages File System.
[   41.555434] systemd[1]: Mounted POSIX Message Queue File System.
[[0;32m  OK  [0m] Mounted POSIX Message Queue File System.
[   41.807804] systemd[1]: Mounted Debug File System.
[[0;32m  OK  [0m] Mounted Debug File System.
[   42.064301] systemd[1]: Started Uncomplicated firewall.
[[0;32m  OK  [0m] Started Uncomplicated firewall.
[   42.223917] systemd[1]: Started File System Check on Root Device.
[[0;32m  OK  [0m] Started File System Check on Root Device.
[   42.431349] systemd[1]: Started Set console keymap.
[[0;32m  OK  [0m] Started Set console keymap.
[   42.645242] systemd[1]: Started Create list of required static device nodes for the current kernel.
[[0;32m  OK  [0m] Started Create list of required sta...ce nodes for the current kernel.
[   42.990640] systemd[1]: Started Journal Service.
[[0;32m  OK  [0m] Started Journal Service.
[   43.153849] iscsi: registered transport (iser)
[[0;32m  OK  [0m] Started Nameserver information manager.
[[0;32m  OK  [0m] Started Load Kernel Modules.
[[0;32m  OK  [0m] Started File System Check Daemon to report status.
[[0;32m  OK  [0m] Started LVM2 metadata daemon.
         Mounting FUSE Control File System...
         Starting Apply Kernel Variables...
         Starting Create Static Device Nodes in /dev...
         Starting Remount Root and Kernel File Systems...
[[0;32m  OK  [0m] Mounted FUSE Control File System.
[[0;32m  OK  [0m] Started Apply Kernel Variables.
[[0;32m  OK  [0m] Started Remount Root and Kernel File Systems.
[[0;32m  OK  [0m] Started Create Static Device Nodes in /dev.
         Starting udev Kernel Device Manager...
         Starting Flush Journal to Persistent Storage...
         Starting udev Coldplug all Devices...
         Starting Load/Save Random Seed...
[[0;32m  OK  [0m] Started Monitoring of LVM2 mirrors,...ng dmeventd or progress polling.
[[0;32m  OK  [0m] Started Load/Save Random Seed.
[[0;32m  OK  [0m] Reached target Local File Systems (Pre).
[[0;32m  OK  [0m] Reached target Local File Systems.
         Starting Set console font and keymap...
         Starting LSB: AppArmor initialization...
         Starting Commit a transient machine-id on disk...
         Starting Tell Plymouth To Write Out Runtime Data...
         Starting Initial cloud-init job (pre-networking)...
[[0;32m  OK  [0m] Started udev Kernel Device Manager.
[[0;32m  OK  [0m] Started Flush Journal to Persistent Storage.
[[0;32m  OK  [0m] Started udev Coldplug all Devices.
[[0;32m  OK  [0m] Started Commit a transient machine-id on disk.
[[0;32m  OK  [0m] Started Tell Plymouth To Write Out Runtime Data.
         Starting Create Volatile Files and Directories...
[[0;32m  OK  [0m] Started Dispatch Password Requests to Console Directory Watch.
[[0;32m  OK  [0m] Started Create Volatile Files and Directories.
[[0;32m  OK  [0m] Found device /dev/ttyS0.
[[0;32m  OK  [0m] Listening on Load/Save RF Kill Switch Status /dev/rfkill Watch.
         Starting Update UTMP about System Boot/Shutdown...
[[0;32m  OK  [0m] Started Update UTMP about System Boot/Shutdown.
[[0;32m  OK  [0m] Started LSB: AppArmor initialization.
[   68.383645] cloud-init[526]: Cloud-init v. 21.1-19-gbad84ad4-0ubuntu1~16.04.2 running 'init-local' at Wed, 08 Feb 2023 14:41:01 +0000. Up 63.20 seconds.
         Starting Load AppArmor profiles managed internally by snapd...
[[0;32m  OK  [0m] Started Load AppArmor profiles managed internally by snapd.
[[0;32m  OK  [0m] Started Set console font and keymap.
[[0;32m  OK  [0m] Started Initial cloud-init job (pre-networking).
[[0;32m  OK  [0m] Reached target Network (Pre).
         Starting Raise network interfaces...
[[0;32m  OK  [0m] Created slice system-getty.slice.
[[0;1;31m*[0m[0;31m*    [0m] A start job is running for Raise network interfaces (37s / 5min 32s)[K[[0;32m  OK  [0m] Started Raise network interfaces.
[[0;32m  OK  [0m] Reached target Network.
         Starting Initial cloud-init job (metadata service crawler)...
[   83.850967] cloud-init[956]: Cloud-init v. 21.1-19-gbad84ad4-0ubuntu1~16.04.2 running 'init' at Wed, 08 Feb 2023 14:41:17 +0000. Up 78.87 seconds.
[   83.878849] cloud-init[956]: ci-info: ++++++++++++++++++++++++++++++++++++++Net device info++++++++++++++++++++++++++++++++++++++
[   83.910241] cloud-init[956]: ci-info: +--------+------+----------------------------+---------------+--------+-------------------+
[   83.933711] cloud-init[956]: ci-info: | Device |  Up  |          Address           |      Mask     | Scope  |     Hw-Address    |
[   83.977009] cloud-init[956]: ci-info: +--------+------+----------------------------+---------------+--------+-------------------+
[   84.037793] cloud-init[956]: ci-info: | enp0s3 | True |         10.0.2.15          | 255.255.255.0 | global | 02:be:82:6b:cc:1d |
[   84.061866] cloud-init[956]: ci-info: | enp0s3 | True | fe80::be:82ff:fe6b:cc1d/64 |       .       |  link  | 02:be:82:6b:cc:1d |
[   84.085717] cloud-init[956]: ci-info: |   lo   | True |         127.0.0.1          |   255.0.0.0   |  host  |         .         |
[   84.122288] cloud-init[956]: ci-info: |   lo   | True |          ::1/128           |       .       |  host  |         .         |
[   84.158318] cloud-init[956]: ci-info: +--------+------+----------------------------+---------------+--------+-------------------+
[   84.187609] cloud-init[956]: ci-info: +++++++++++++++++++++++++++Route IPv4 info++++++++++++++++++++++++++++
[   84.216018] cloud-init[956]: ci-info: +-------+-------------+----------+---------------+-----------+-------+
[   84.263467] cloud-init[956]: ci-info: | Route | Destination | Gateway  |    Genmask    | Interface | Flags |
[   84.296293] cloud-init[956]: ci-info: +-------+-------------+----------+---------------+-----------+-------+
[   84.333763] cloud-init[956]: ci-info: |   0   |   0.0.0.0   | 10.0.2.2 |    0.0.0.0    |   enp0s3  |   UG  |
[   84.385260] cloud-init[956]: ci-info: |   1   |   10.0.2.0  | 0.0.0.0  | 255.255.255.0 |   enp0s3  |   U   |
[   84.432409] cloud-init[956]: ci-info: +-------+-------------+----------+---------------+-----------+-------+
[   84.534973] cloud-init[956]: ci-info: +++++++++++++++++++Route IPv6 info+++++++++++++++++++
[   84.623306] cloud-init[956]: ci-info: +-------+-------------+---------+-----------+-------+
[   84.663274] cloud-init[956]: ci-info: | Route | Destination | Gateway | Interface | Flags |
[   84.688923] cloud-init[956]: ci-info: +-------+-------------+---------+-----------+-------+
[   84.709372] cloud-init[956]: ci-info: |   0   |  fe80::/64  |    ::   |   enp0s3  |   U   |
[[   84.734713] cloud-init[956]: ci-info: |   4   |   ff00::/8  |    ::   |   enp0s3  |   U   |
[   84.748956] cloud-init[956]: ci-info: +-------+-------------+---------+-----------+-------+
[   84.784038] cloud-init[956]: Generating public/private rsa key pair.
[   84.800257] cloud-init[956]: Your identification has been saved in /etc/ssh/ssh_host_rsa_key.
[   84.815573] cloud-init[956]: Your public key has been saved in /etc/ssh/ssh_host_rsa_key.pub.
[   84.845642] cloud-init[956]: The key fingerprint is:
[   84.845902] cloud-init[956]: SHA256:68ZsUxzCDHddD/XtJE66031UB29MeZwVCDv+QoiHue0 root@ubuntu-xenial
[   84.862242] cloud-init[956]: The key's randomart image is:
[   84.863002] cloud-init[956]: +---[RSA 2048]----+
[   84.867713] cloud-init[956]: |           o..=+O|
[   84.890864] cloud-init[956]: |      . . . o. X=|
[   84.891267] cloud-init[956]: |       = . o  o %|
[   84.902896] cloud-init[956]: |        B + .+ =o|
[   84.906368] cloud-init[956]: |       +S= +. . o|
[   84.906851] cloud-init[956]: |        +.+ .o o |
[   84.924823] cloud-init[956]: |       +.o .o.. o|
[   84.933671] cloud-init[956]: |       .B   ..  .|
[   84.942406] cloud-init[956]: |       o.E       |
[   84.946090] cloud-init[956]: +----[SHA256]-----+
[   84.946349] cloud-init[956]: Generating public/private dsa key pair.
[   84.947985] cloud-init[956]: Your identification has been saved in /etc/ssh/ssh_host_dsa_key.
[   84.949074] cloud-init[956]: Your public key has been saved in /etc/ssh/ssh_host_dsa_key.pub.
[   84.971686] cloud-init[956]: The key fingerprint is:
[   84.972755] cloud-init[956]: SHA256:VKYYJLBgV2vnyZtKWKL+GgAwJXf/i1mklE4EFoYmNrY root@ubuntu-xenial
[   84.986718] cloud-init[956]: The key's randomart image is:
[   84.987018] cloud-init[956]: +---[DSA 1024]----+
[   84.990105] cloud-init[956]: |=o++O=+   o      |
[   85.013207] cloud-init[956]: |+O+= +.+ +       |
[   85.021125] cloud-init[956]: |+o+  o*.+        |
[   85.022094] cloud-init[956]: |.E  .++=.        |
[   85.037995] cloud-init[956]: |.  . .o+S        |
[   85.038273] cloud-init[956]: |. . +  +o.       |
[   85.038808] cloud-init[956]: | o . .oo.        |
[   85.039065] cloud-init[956]: |. . . .          |
[   85.039300] cloud-init[956]: | oo. .           |
[   85.040365] cloud-init[956]: +----[SHA256]-----+
[   85.045183] cloud-init[956]: Generating public/private ecdsa key pair.
[   85.051981] cloud-init[956]: Your identification has been saved in /etc/ssh/ssh_host_ecdsa_key.
[   85.071067] cloud-init[956]: Your public key has been saved in /etc/ssh/ssh_host_ecdsa_key.pub.
[   85.082695] cloud-init[956]: The key fingerprint is:
[   85.083098] cloud-init[956]: SHA256:+Qm3fudqcJAxm2C7g8LYBRqgQCnJHXu/9IFeSFgYHwk root@ubuntu-xenial
[   85.083510] cloud-init[956]: The key's randomart image is:
[   85.083813] cloud-init[956]: +---[ECDSA 256]---+
[   85.084136] cloud-init[956]: |=+o..E+o.        |
[   85.084732] cloud-init[956]: |=o..o.+.+ o      |
[   85.085242] cloud-init[956]: |o  + + + o *     |
[   85.085873] cloud-init[956]: |  . . + +.=      |
[   85.086564] cloud-init[956]: |   + . *S+..     |
[   85.086926] cloud-init[956]: |  . + + *+oo.    |
[   85.087241] cloud-init[956]: |     . o o+o     |
[   85.088559] cloud-init[956]: |         .  o .  |
[   85.089301] cloud-init[956]: |          .o.+.  |
[   85.089815] cloud-init[956]: +----[SHA256]-----+
[   85.090159] cloud-init[956]: Generating public/private ed25519 key pair.
[   85.090693] cloud-init[956]: Your identification has been saved in /etc/ssh/ssh_host_ed25519_key.
[   85.091456] cloud-init[956]: Your public key has been saved in /etc/ssh/ssh_host_ed25519_key.pub.
[   85.091808] cloud-init[956]: The key fingerprint is:
[   85.092106] cloud-init[956]: SHA256:aZTQHmpblENSi2BYJDcgfnPRu7soDczFbMD8LT84UKY root@ubuntu-xenial
[   85.092587] cloud-init[956]: The key's randomart image is:
[   85.092990] cloud-init[956]: +--[ED25519 256]--+
[   85.093674] cloud-init[956]: |. ==B.++o.       |
[   85.094005] cloud-init[956]: |...B =.=*o       |
[   85.094388] cloud-init[956]: | . oO.o+=o       |
[   85.094680] cloud-init[956]: |  .EoBo+o.       |
[   85.094933] cloud-init[956]: |  o +.+oS        |
[   85.095276] cloud-init[956]: |   + o.=         |
[   85.095525] cloud-init[956]: |    o . o        |
[   85.095796] cloud-init[956]: |   . ...         |
[   85.097793] cloud-init[956]: |    .. ..        |
[   85.098155] cloud-init[956]: +----[SHA256]-----+
[0;32m  OK  [0m] Started Initial cloud-init job (metadata service crawler).
[[0;32m  OK  [0m] Reached target System Initialization.
[[0;32m  OK  [0m] Started ACPI Events Check.
[[0;32m  OK  [0m] Reached target Paths.
[[0;32m  OK  [0m] Started Ubuntu Advantage update messaging.
[[0;32m  OK  [0m] Started Daily Cleanup of Temporary Directories.
[[0;32m  OK  [0m] Listening on D-Bus System Message Bus Socket.
[[0;32m  OK  [0m] Listening on UUID daemon activation socket.
[[0;32m  OK  [0m] Started Daily apt download activities.
         Starting Socket activation for snappy daemon.
         Starting LXD - unix socket.
[[0;32m  OK  [0m] Started Daily apt upgrade and clean activities.
[[0;32m  OK  [0m] Listening on ACPID Listen Socket.
[[0;32m  OK  [0m] Started Message of the Day.
[[0;32m  OK  [0m] Reached target Timers.
[[0;32m  OK  [0m] Reached target Network is Online.
         Starting iSCSI initiator daemon (iscsid)...
[[0;32m  OK  [0m] Reached target Cloud-config availability.
[[0;32m  OK  [0m] Listening on Socket activation for snappy daemon.
[[0;32m  OK  [0m] Listening on LXD - unix socket.
[[0;32m  OK  [0m] Reached target Sockets.
[[0;32m  OK  [0m] Reached target Basic System.
         Starting Pollinate to seed the pseudo random number generator...
         Starting Login Service...
[[0;32m  OK  [0m] Started Deferred execution scheduler.
         Starting Virtualbox guest utils...
         Starting LSB: Record successful boot for GRUB...
         Starting Snap Daemon...
         Starting LXD - container startup/shutdown...
         Starting System Logging Service...
         Starting Accounts Service...
[[0;32m  OK  [0m] Started D-Bus System Message Bus.
[[0;32m  OK  [0m] Started Regular background program processing daemon.
[[0;32m  OK  [0m] Started ACPI event daemon.
         Starting LSB: MD monitoring daemon...
[[0;32m  OK  [0m] Started FUSE filesystem for LXC.
         Starting /etc/rc.local Compatibility...
[[0;32m  OK  [0m] Started System Logging Service.
[[0;32m  OK  [0m] Started /etc/rc.local Compatibility.
[[0;32m  OK  [0m] Started iSCSI initiator daemon (iscsid).
[[0;32m  OK  [0m] Started Login Service.
[[0;32m  OK  [0m] Started Unattended Upgrades Shutdown.
         Starting Authenticate and Authorize Users to Run Privileged Tasks...
         Starting Login to default iSCSI targets...
[[0;32m  OK  [0m] Started LSB: Record successful boot for GRUB.
[[0;32m  OK  [0m] Started LSB: MD monitoring daemon.
[[0;32m  OK  [0m] Started Authenticate and Authorize Users to Run Privileged Tasks.
[[0;32m  OK  [0m] Started Accounts Service.
[[0;32m  OK  [0m] Started Login to default iSCSI targets.
[[0;32m  OK  [0m] Reached target Remote File Systems (Pre).
[[0;32m  OK  [0m] Reached target Remote File Systems.
         Starting LSB: daemon to balance interrupts for SMP systems...
         Starting Permit User Sessions...
         Starting LSB: automatic crash report generation...
         Starting LSB: Set the CPU Frequency Scaling governor to "ondemand"...
[[0;32m  OK  [0m] Started Virtualbox guest utils.
[[0;32m  OK  [0m] Started Permit User Sessions.
[[0;32m  OK  [0m] Started Pollinate to seed the pseudo random number generator.
         Starting OpenBSD Secure Shell server...
         Starting Terminate Plymouth Boot Screen...
         Starting Hold until boot process finishes up...
[[0;32m  OK  [0m] Started LXD - container startup/shutdown.
[[0;32m  OK  [0m] Started Terminate Plymouth Boot Screen.
[[0;32m  OK  [0m] Started Hold until boot process finishes up.
[[0;32m  OK  [0m] Started LSB: daemon to balance interrupts for SMP systems.
         Starting Set console scheme...
[[0;32m  OK  [0m] Started Getty on tty1.
[[0;32m  OK  [0m] Started Serial Getty on ttyS0.
[[0;32m  OK  [0m] Reached target Login Prompts.
[[0;32m  OK  [0m] Started OpenBSD Secure Shell server.
[[0;32m  OK  [0m] Started LSB: Set the CPU Frequency Scaling governor to "ondemand".
[[0;32m  OK  [0m] Started Set console scheme.
[[0;32m  OK  [0m] Started LSB: automatic crash report generation.
[[0;32m  OK  [0m] Started Snap Daemon.
         Starting Wait until snapd is fully seeded...
[[0;32m  OK  [0m] Created slice User Slice of vagrant.
         Starting User Manager for UID 1000...
[[0;32m  OK  [0m] Started Session 1 of user vagrant.
[[0;32m  OK  [0m] Started User Manager for UID 1000.

Ubuntu 16.04.7 LTS ubuntu-xenial ttyS0

ubuntu-xenial login: [  103.072306] cloud-init[1388]: Generating locales (this might take a while)...
[  110.059521] cloud-init[1388]:   en_US.UTF-8... done
[  110.067232] cloud-init[1388]: Generation complete.
[  114.129788] cloud-init[1388]: Cloud-init v. 21.1-19-gbad84ad4-0ubuntu1~16.04.2 running 'modules:config' at Wed, 08 Feb 2023 14:41:40 +0000. Up 102.17 seconds.
ci-info: no authorized SSH keys fingerprints found for user ubuntu.
<14>Feb  8 14:41:56 ec2: 
<14>Feb  8 14:41:56 ec2: #############################################################
<14>Feb  8 14:41:56 ec2: -----BEGIN SSH HOST KEY FINGERPRINTS-----
<14>Feb  8 14:41:56 ec2: 1024 SHA256:VKYYJLBgV2vnyZtKWKL+GgAwJXf/i1mklE4EFoYmNrY root@ubuntu-xenial (DSA)
<14>Feb  8 14:41:56 ec2: 256 SHA256:+Qm3fudqcJAxm2C7g8LYBRqgQCnJHXu/9IFeSFgYHwk root@ubuntu-xenial (ECDSA)
<14>Feb  8 14:41:56 ec2: 256 SHA256:aZTQHmpblENSi2BYJDcgfnPRu7soDczFbMD8LT84UKY root@ubuntu-xenial (ED25519)
<14>Feb  8 14:41:56 ec2: 2048 SHA256:68ZsUxzCDHddD/XtJE66031UB29MeZwVCDv+QoiHue0 root@ubuntu-xenial (RSA)
<14>Feb  8 14:41:56 ec2: -----END SSH HOST KEY FINGERPRINTS-----
<14>Feb  8 14:41:56 ec2: #############################################################
-----BEGIN SSH HOST KEY KEYS-----
ecdsa-sha2-nistp256 AAAAE2VjZHNhLXNoYTItbmlzdHAyNTYAAAAIbmlzdHAyNTYAAABBBAxBwHOFYfaRDZSTtl9F4+EEnjnkiWigXPqL72cowsO/Cwh5YstE2ZG88BWZbNRqAlSHN95VNuiM/nX5Xtj7M00= root@ubuntu-xenial
ssh-ed25519 AAAAC3NzaC1lZDI1NTE5AAAAIKTh51o8W8F+xkAEX6Jy8DoXE6ah+Xu9FAo02pZJVL6y root@ubuntu-xenial
ssh-rsa AAAAB3NzaC1yc2EAAAADAQABAAABAQD84VOfEwibOkZZjINb1KLylThBubvR9XQDic/zjgwMhIQHFQoE2XYlcsbt1QjyMRXa2c4/pq3NEuFVdtD7eddos1yHYBzG6KjBC0cAU4f3tWto/fpu9WWSziSlA8/EZmQBGo2Y0VJr7GPVGvk5qzIWN7jmUQDVGSgW+Rt6FWK1L8Oxx1Fs9BMudVYD6fTpeAJQadgPUZ+sKi47w0K4Rc/eTEd4AnaPpvIxdPkG/QM8ZJVUcKAshraYstwsOopLwXkjBuZR4a8IeRSrN7BvUVAwiYk1THwAsnpjvfRHe9xo6IG1DBjlPiDHiQ3FCBg+VG3ypVb0zvrK47YvlJj1xnHb root@ubuntu-xenial
-----END SSH HOST KEY KEYS-----
[  118.797433] cloud-init[1486]: Cloud-init v. 21.1-19-gbad84ad4-0ubuntu1~16.04.2 running 'modules:final' at Wed, 08 Feb 2023 14:41:55 +0000. Up 117.23 seconds.
[  118.829152] cloud-init[1486]: ci-info: no authorized SSH keys fingerprints found for user ubuntu.
[  118.883132] cloud-init[1486]: Cloud-init v. 21.1-19-gbad84ad4-0ubuntu1~16.04.2 finished at Wed, 08 Feb 2023 14:41:56 +0000. Datasource DataSourceNoCloud [seed=/dev/sdb][dsmode=net].  Up 118.37 seconds
[ 9434.199783] invalid opcode: 0000 [#1] SMP 
[ 9434.199783] Modules linked in: tcp_diag udp_diag inet_diag vboxsf isofs crct10dif_pclmul crc32_pclmul ghash_clmulni_intel input_leds vboxguest video serio_raw ib_iser rdma_cm iw_cm ib_cm ib_sa ib_mad ib_core ib_addr iscsi_tcp libiscsi_tcp libiscsi scsi_transport_iscsi autofs4 btrfs raid10 raid456 async_raid6_recov async_memcpy async_pq async_xor async_tx xor raid6_pq libcrc32c raid1 raid0 multipath linear aesni_intel mptspi scsi_transport_spi aes_x86_64 mptscsih glue_helper lrw gf128mul ablk_helper psmouse cryptd e1000 mptbase
[ 9434.199783] CPU: 1 PID: 1156 Comm: polkitd Not tainted 4.4.0-210-generic #242-Ubuntu
[ 9434.199783] Hardware name: innotek GmbH VirtualBox/VirtualBox, BIOS VirtualBox 12/01/2006
[ 9434.199783] task: ffff880036d35b00 ti: ffff88003c10c000 task.ti: ffff88003c10c000
[ 9434.199783] RIP: 0010:[<ffffffff8106723c>]  [<ffffffff8106723c>] kvm_unlock_kick+0xac/0x130
[ 9434.199783] RSP: 0000:ffff88003fd03df8  EFLAGS: 00010046
[ 9434.199783] RAX: 0000000000000005 RBX: 0000000000000000 RCX: 0000000000000000
[ 9434.199783] RDX: 0000000000000000 RSI: 0000000000000000 RDI: ffffffff81e587e0
[ 9434.199783] RBP: ffff88003fd03e10 R08: 0000000000000000 R09: 0000000000000001
[ 9434.199783] R10: 0000000000000020 R11: 0000000000000004 R12: ffffffff81e587e0
[ 9434.199783] R13: 00000000000097a6 R14: 0000000000000001 R15: 0000000000000000
[ 9434.199783] FS:  00007f71e6287880(0000) GS:ffff88003fd00000(0000) knlGS:0000000000000000
[ 9434.199783] CS:  0010 DS: 0000 ES: 0000 CR0: 0000000080050033
[ 9434.199783] CR2: 00007f71e47b0268 CR3: 000000003b3ee000 CR4: 0000000000020670
[ 9434.199783] Stack:
[ 9434.199783]  0000000000000246 0000000000000246 0000000000000003 ffff88003fd03e28
[ 9434.199783]  ffffffff8186b7f0 ffffffff81e587e0 ffff88003fd03e60 ffffffff810ca6f4
[ 9434.199783]  ffffffff81e577c0 0000000000007fbe 0000000000000000 0000000000000246
[ 9434.199783] Call Trace:
[ 9434.199783]  <IRQ> 
[ 9434.199783]  [<ffffffff8186b7f0>] _raw_spin_unlock_irqrestore+0x40/0x50
[ 9434.199783]  [<ffffffff810ca6f4>] __wake_up+0x44/0x50
[ 9434.199783]  [<ffffffff810ec767>] rcu_gp_kthread_wake+0x47/0x70
[ 9434.199783]  [<ffffffff810eca30>] rcu_report_qs_rnp+0x140/0x180
[ 9434.199783]  [<ffffffff810ef7d5>] rcu_process_callbacks+0x3e5/0x600
[ 9434.199783]  [<ffffffff8108a519>] __do_softirq+0x109/0x2b0
[ 9434.199783]  [<ffffffff8108a835>] irq_exit+0xa5/0xb0
[ 9434.199783]  [<ffffffff8186f450>] smp_apic_timer_interrupt+0x50/0x70
[ 9434.199783]  [<ffffffff8186cb94>] apic_timer_interrupt+0xd4/0xe0
[ 9434.199783]  <EOI> 
[ 9434.199783] Code: b6 15 d9 90 0a 01 84 d2 75 5d 8b 05 eb 90 0a 01 83 c0 01 89 05 e2 90 0a 01 31 db 48 c7 c0 00 d2 00 00 0f b7 0c 08 b8 05 00 00 00 <0f> 01 c1 5b 41 5c 41 5d 5d c3 89 d0 31 c9 f0 0f b0 0d 9e 90 0a 
[ 9434.199783] RIP  [<ffffffff8106723c>] kvm_unlock_kick+0xac/0x130
[ 9434.199783]  RSP <ffff88003fd03df8>
[ 9434.199783] ---[ end trace b6cbe74e3635d4ef ]---
[ 9434.199783] Kernel panic - not syncing: Fatal exception in interrupt
[ 9434.199783] Shutting down cpus with NMI
[ 9434.199783] Kernel Offset: disabled
[ 9434.199783] ---[ end Kernel panic - not syncing: Fatal exception in interrupt
